<?xml version="1.0" encoding="UTF-8"?>
<!-- Generated by org.testng.reporters.JUnitReportReporter -->
<testsuite hostname="UA-LAPTOP" failures="0" tests="1" name="com.test.SearchProduct" time="61.221" errors="0" timestamp="2022-10-12T08:59:13 IST" skipped="0">
  <testcase classname="com.test.SearchProduct" name="searchProduct" time="61.221"/>
  <system-out>
    <![CDATA[Product Have Been Searched Successfully]]>
  </system-out>
</testsuite> <!-- com.test.SearchProduct -->
