<?xml version="1.0" encoding="UTF-8"?>
<!-- Generated by org.testng.reporters.JUnitReportReporter -->
<testsuite hostname="UA-LAPTOP" failures="0" tests="1" name="com.test.HomepageAndLoadTime" time="78.443" errors="0" timestamp="2022-10-12T08:59:13 IST" skipped="0">
  <testcase classname="com.test.HomepageAndLoadTime" name="homepageAndLoadTimeTest" time="78.443"/>
  <system-out>
    <![CDATA[Total Time for page load - 77149 milliseconds <br>
Chrome Invoked and navigated to home page]]>
  </system-out>
</testsuite> <!-- com.test.HomepageAndLoadTime -->
