<?xml version="1.0" encoding="UTF-8"?>
<!-- Generated by org.testng.reporters.JUnitReportReporter -->
<testsuite hostname="UA-LAPTOP" failures="0" tests="1" name="com.test.CheckScroll" time="50.509" errors="0" timestamp="2022-10-12T08:59:13 IST" skipped="0">
  <testcase classname="com.test.CheckScroll" name="scrollBarTest" time="50.509"/>
  <system-out>
    <![CDATA[Horizontal Scrollbar not present on page,Vertical Scrollbar is present on page.]]>
  </system-out>
</testsuite> <!-- com.test.CheckScroll -->
