<?xml version="1.0" encoding="UTF-8"?>
<!-- Generated by org.testng.reporters.JUnitReportReporter -->
<testsuite hostname="UA-LAPTOP" failures="0" tests="1" name="com.test.Verifyimageload" time="82.361" errors="0" timestamp="2022-10-12T08:59:13 IST" skipped="0">
  <testcase classname="com.test.Verifyimageload" name="ImageLoadTest" time="82.361"/>
  <system-out>
    <![CDATA[Image is not present before scrolling
Image is present after scrolling]]>
  </system-out>
</testsuite> <!-- com.test.Verifyimageload -->
