<?xml version="1.0" encoding="UTF-8"?>
<!-- Generated by org.testng.reporters.JUnitReportReporter -->
<testsuite hostname="UA-LAPTOP" failures="0" tests="1" name="com.test.ImageLoadScreenHeight" time="27.685" errors="0" timestamp="2022-10-12T08:59:13 IST" skipped="0">
  <testcase classname="com.test.ImageLoadScreenHeight" name="ImageLoadScreenHeightTest" time="27.685"/>
  <system-out>
    <![CDATA[Images are loaded and visible till the screen height only]]>
  </system-out>
</testsuite> <!-- com.test.ImageLoadScreenHeight -->
