<?xml version="1.0" encoding="UTF-8"?>
<!-- Generated by org.testng.reporters.JUnitReportReporter -->
<testsuite hostname="UA-LAPTOP" failures="0" tests="1" name="com.test.PageRefresh" time="73.427" errors="0" timestamp="2022-10-12T08:59:13 IST" skipped="0">
  <testcase classname="com.test.PageRefresh" name="PageRefreshTest" time="73.427"/>
  <system-out>
    <![CDATA[Total Content Load Time while Scrolling: 47 milliseconds]]>
  </system-out>
</testsuite> <!-- com.test.PageRefresh -->
