<?xml version="1.0" encoding="UTF-8"?>
<!-- Generated by org.testng.reporters.JUnitReportReporter -->
<testsuite hostname="UA-LAPTOP" failures="0" tests="1" name="com.test.DiffScreenResolution" time="79.843" errors="0" timestamp="2022-10-12T08:59:13 IST" skipped="0">
  <testcase classname="com.test.DiffScreenResolution" name="DiffScreenResolutionTest" time="79.843"/>
  <system-out>
    <![CDATA[Different browsers and screen resolutions render it in the same way.]]>
  </system-out>
</testsuite> <!-- com.test.DiffScreenResolution -->
