<?xml version="1.0" encoding="UTF-8"?>
<!-- Generated by org.testng.reporters.JUnitReportReporter -->
<testsuite hostname="UA-LAPTOP" failures="0" tests="1" name="com.test.navigatebottom" time="40.662" errors="0" timestamp="2022-10-12T08:59:13 IST" skipped="0">
  <testcase classname="com.test.navigatebottom" name="NavigateBottonTest" time="40.662"/>
  <system-out>
    <![CDATA[Navigated to the Bottom of the Page.]]>
  </system-out>
</testsuite> <!-- com.test.navigatebottom -->
